Epoch [10/50], Train Loss: 0.2179, Val Loss: 0.2144
Epoch [20/50], Train Loss: 0.1825, Val Loss: 0.1910
Epoch [30/50], Train Loss: 0.1759, Val Loss: 0.1909
Early stopping triggered
Total Model Running Time: 314.89 seconds
The 0th model done.
Test Loss for configuration Normal Neu: li=0, num_encoder_size=1, skip_enabled=True, pos_encoder_type=Projected, batch_size=32, decompose_layer=1, kernel_size=5, stride_size=8, mlp_hidden=128: 0.2101
Epoch [10/50], Train Loss: 0.2332, Val Loss: 0.2250
Epoch [20/50], Train Loss: 0.1829, Val Loss: 0.1920
Epoch [30/50], Train Loss: 0.1772, Val Loss: 0.1878
Early stopping triggered
Total Model Running Time: 347.05 seconds
The 1th model done.
Test Loss for configuration Normal Neu: li=1, num_encoder_size=1, skip_enabled=True, pos_encoder_type=Projected, batch_size=32, decompose_layer=1, kernel_size=5, stride_size=8, mlp_hidden=128: 0.2043
Epoch [10/50], Train Loss: 0.2293, Val Loss: 0.2195
Epoch [20/50], Train Loss: 0.1861, Val Loss: 0.1879
Epoch [30/50], Train Loss: 0.1766, Val Loss: 0.1849
Epoch [40/50], Train Loss: 0.1742, Val Loss: 0.1880
Early stopping triggered
Total Model Running Time: 389.33 seconds
The 2th model done.
Test Loss for configuration Normal Neu: li=2, num_encoder_size=1, skip_enabled=True, pos_encoder_type=Projected, batch_size=32, decompose_layer=1, kernel_size=5, stride_size=8, mlp_hidden=128: 0.2064
Epoch [10/50], Train Loss: 0.2215, Val Loss: 0.2188
Epoch [20/50], Train Loss: 0.1821, Val Loss: 0.1909
Epoch [30/50], Train Loss: 0.1761, Val Loss: 0.1910
Epoch [40/50], Train Loss: 0.1728, Val Loss: 0.1844
Epoch [50/50], Train Loss: 0.1718, Val Loss: 0.1890
Early stopping triggered
Total Model Running Time: 498.02 seconds
The 3th model done.
Test Loss for configuration Normal Neu: li=3, num_encoder_size=1, skip_enabled=True, pos_encoder_type=Projected, batch_size=32, decompose_layer=1, kernel_size=5, stride_size=8, mlp_hidden=128: 0.2072
Epoch [10/50], Train Loss: 0.2181, Val Loss: 0.2098
Epoch [20/50], Train Loss: 0.1826, Val Loss: 0.1920
Epoch [30/50], Train Loss: 0.1771, Val Loss: 0.1879
Early stopping triggered
Total Model Running Time: 309.88 seconds
The 4th model done.
Test Loss for configuration Normal Neu: li=4, num_encoder_size=1, skip_enabled=True, pos_encoder_type=Projected, batch_size=32, decompose_layer=1, kernel_size=5, stride_size=8, mlp_hidden=128: 0.2060
Epoch [10/50], Train Loss: 0.2232, Val Loss: 0.2181
Epoch [20/50], Train Loss: 0.1857, Val Loss: 0.1892
Epoch [30/50], Train Loss: 0.1764, Val Loss: 0.1900
Epoch [40/50], Train Loss: 0.1736, Val Loss: 0.1899
Early stopping triggered
Total Model Running Time: 435.03 seconds
The 5th model done.
Test Loss for configuration Normal Neu: li=5, num_encoder_size=1, skip_enabled=True, pos_encoder_type=Projected, batch_size=32, decompose_layer=1, kernel_size=5, stride_size=8, mlp_hidden=128: 0.2066
