Epoch 1, Train Loss: 1.8146, Val Loss: 0.5160
Validation loss decreased (inf --> 0.515994).  Saving model ...
Epoch 2, Train Loss: 0.3939, Val Loss: 0.3443
Validation loss decreased (0.515994 --> 0.344317).  Saving model ...
Epoch 3, Train Loss: 0.3049, Val Loss: 0.2929
Validation loss decreased (0.344317 --> 0.292916).  Saving model ...
Epoch 4, Train Loss: 0.2672, Val Loss: 0.2650
Validation loss decreased (0.292916 --> 0.264967).  Saving model ...
Epoch 5, Train Loss: 0.2456, Val Loss: 0.2486
Validation loss decreased (0.264967 --> 0.248561).  Saving model ...
Epoch 6, Train Loss: 0.2324, Val Loss: 0.2371
Validation loss decreased (0.248561 --> 0.237070).  Saving model ...
Epoch 7, Train Loss: 0.2240, Val Loss: 0.2294
Validation loss decreased (0.237070 --> 0.229373).  Saving model ...
Epoch 8, Train Loss: 0.2171, Val Loss: 0.2225
Validation loss decreased (0.229373 --> 0.222498).  Saving model ...
Epoch 9, Train Loss: 0.2120, Val Loss: 0.2194
Validation loss decreased (0.222498 --> 0.219371).  Saving model ...
Epoch 10, Train Loss: 0.2074, Val Loss: 0.2129
Validation loss decreased (0.219371 --> 0.212916).  Saving model ...
Epoch 11, Train Loss: 0.2043, Val Loss: 0.2103
Validation loss decreased (0.212916 --> 0.210298).  Saving model ...
Epoch 12, Train Loss: 0.2007, Val Loss: 0.2059
Validation loss decreased (0.210298 --> 0.205870).  Saving model ...
Epoch 13, Train Loss: 0.1973, Val Loss: 0.2013
Validation loss decreased (0.205870 --> 0.201347).  Saving model ...
Epoch 14, Train Loss: 0.1927, Val Loss: 0.1954
Validation loss decreased (0.201347 --> 0.195380).  Saving model ...
Epoch 15, Train Loss: 0.1880, Val Loss: 0.1919
Validation loss decreased (0.195380 --> 0.191864).  Saving model ...
Epoch 16, Train Loss: 0.1844, Val Loss: 0.1887
Validation loss decreased (0.191864 --> 0.188731).  Saving model ...
Epoch 17, Train Loss: 0.1815, Val Loss: 0.1870
Validation loss decreased (0.188731 --> 0.187031).  Saving model ...
Epoch 18, Train Loss: 0.1797, Val Loss: 0.1861
Validation loss decreased (0.187031 --> 0.186111).  Saving model ...
Epoch 19, Train Loss: 0.1778, Val Loss: 0.1866
EarlyStopping counter: 1 out of 10
Epoch 20, Train Loss: 0.1765, Val Loss: 0.1849
Validation loss decreased (0.186111 --> 0.184909).  Saving model ...
Epoch 21, Train Loss: 0.1756, Val Loss: 0.1833
Validation loss decreased (0.184909 --> 0.183293).  Saving model ...
Epoch 22, Train Loss: 0.1744, Val Loss: 0.1827
Validation loss decreased (0.183293 --> 0.182680).  Saving model ...
Epoch 23, Train Loss: 0.1738, Val Loss: 0.1836
EarlyStopping counter: 1 out of 10
Epoch 24, Train Loss: 0.1728, Val Loss: 0.1820
Validation loss decreased (0.182680 --> 0.182049).  Saving model ...
Epoch 25, Train Loss: 0.1723, Val Loss: 0.1817
Validation loss decreased (0.182049 --> 0.181708).  Saving model ...
Epoch 26, Train Loss: 0.1718, Val Loss: 0.1811
Validation loss decreased (0.181708 --> 0.181134).  Saving model ...
Epoch 27, Train Loss: 0.1707, Val Loss: 0.1812
EarlyStopping counter: 1 out of 10
Epoch 28, Train Loss: 0.1701, Val Loss: 0.1818
EarlyStopping counter: 2 out of 10
Epoch 29, Train Loss: 0.1696, Val Loss: 0.1834
EarlyStopping counter: 3 out of 10
Epoch 30, Train Loss: 0.1693, Val Loss: 0.1811
Validation loss decreased (0.181134 --> 0.181053).  Saving model ...
Epoch 31, Train Loss: 0.1686, Val Loss: 0.1825
EarlyStopping counter: 1 out of 10
Epoch 32, Train Loss: 0.1681, Val Loss: 0.1804
Validation loss decreased (0.181053 --> 0.180420).  Saving model ...
Epoch 33, Train Loss: 0.1680, Val Loss: 0.1794
Validation loss decreased (0.180420 --> 0.179394).  Saving model ...
Epoch 34, Train Loss: 0.1674, Val Loss: 0.1795
EarlyStopping counter: 1 out of 10
Epoch 35, Train Loss: 0.1667, Val Loss: 0.1816
EarlyStopping counter: 2 out of 10
Epoch 36, Train Loss: 0.1670, Val Loss: 0.1792
Validation loss decreased (0.179394 --> 0.179231).  Saving model ...
Epoch 37, Train Loss: 0.1659, Val Loss: 0.1790
Validation loss decreased (0.179231 --> 0.178993).  Saving model ...
Epoch 38, Train Loss: 0.1658, Val Loss: 0.1809
EarlyStopping counter: 1 out of 10
Epoch 39, Train Loss: 0.1657, Val Loss: 0.1789
Validation loss decreased (0.178993 --> 0.178945).  Saving model ...
Epoch 40, Train Loss: 0.1651, Val Loss: 0.1783
Validation loss decreased (0.178945 --> 0.178319).  Saving model ...
Epoch 41, Train Loss: 0.1651, Val Loss: 0.1784
EarlyStopping counter: 1 out of 10
Epoch 42, Train Loss: 0.1644, Val Loss: 0.1777
Validation loss decreased (0.178319 --> 0.177714).  Saving model ...
Epoch 43, Train Loss: 0.1642, Val Loss: 0.1785
EarlyStopping counter: 1 out of 10
Epoch 44, Train Loss: 0.1632, Val Loss: 0.1773
Validation loss decreased (0.177714 --> 0.177261).  Saving model ...
Epoch 45, Train Loss: 0.1633, Val Loss: 0.1769
Validation loss decreased (0.177261 --> 0.176903).  Saving model ...
Epoch 46, Train Loss: 0.1627, Val Loss: 0.1774
EarlyStopping counter: 1 out of 10
Epoch 47, Train Loss: 0.1627, Val Loss: 0.1763
Validation loss decreased (0.176903 --> 0.176291).  Saving model ...
Epoch 48, Train Loss: 0.1624, Val Loss: 0.1766
EarlyStopping counter: 1 out of 10
Epoch 49, Train Loss: 0.1622, Val Loss: 0.1772
EarlyStopping counter: 2 out of 10
Epoch 50, Train Loss: 0.1616, Val Loss: 0.1767
EarlyStopping counter: 3 out of 10
Test Loss: 0.1778
Epoch 1, Train Loss: 1.4102, Val Loss: 0.4923
Validation loss decreased (inf --> 0.492296).  Saving model ...
Epoch 2, Train Loss: 0.3775, Val Loss: 0.3386
Validation loss decreased (0.492296 --> 0.338637).  Saving model ...
Epoch 3, Train Loss: 0.2933, Val Loss: 0.2868
Validation loss decreased (0.338637 --> 0.286778).  Saving model ...
Epoch 4, Train Loss: 0.2555, Val Loss: 0.2576
Validation loss decreased (0.286778 --> 0.257570).  Saving model ...
Epoch 5, Train Loss: 0.2371, Val Loss: 0.2480
Validation loss decreased (0.257570 --> 0.247966).  Saving model ...
Epoch 6, Train Loss: 0.2260, Val Loss: 0.2366
Validation loss decreased (0.247966 --> 0.236555).  Saving model ...
Epoch 7, Train Loss: 0.2190, Val Loss: 0.2310
Validation loss decreased (0.236555 --> 0.231043).  Saving model ...
Epoch 8, Train Loss: 0.2123, Val Loss: 0.2234
Validation loss decreased (0.231043 --> 0.223428).  Saving model ...
Epoch 9, Train Loss: 0.2062, Val Loss: 0.2200
Validation loss decreased (0.223428 --> 0.219985).  Saving model ...
Epoch 10, Train Loss: 0.2005, Val Loss: 0.2147
Validation loss decreased (0.219985 --> 0.214730).  Saving model ...
Epoch 11, Train Loss: 0.1958, Val Loss: 0.2108
Validation loss decreased (0.214730 --> 0.210831).  Saving model ...
Epoch 12, Train Loss: 0.1921, Val Loss: 0.2062
Validation loss decreased (0.210831 --> 0.206244).  Saving model ...
Epoch 13, Train Loss: 0.1889, Val Loss: 0.2045
Validation loss decreased (0.206244 --> 0.204534).  Saving model ...
Epoch 14, Train Loss: 0.1863, Val Loss: 0.1992
Validation loss decreased (0.204534 --> 0.199196).  Saving model ...
Epoch 15, Train Loss: 0.1841, Val Loss: 0.1984
Validation loss decreased (0.199196 --> 0.198402).  Saving model ...
Epoch 16, Train Loss: 0.1824, Val Loss: 0.1942
Validation loss decreased (0.198402 --> 0.194245).  Saving model ...
Epoch 17, Train Loss: 0.1811, Val Loss: 0.1954
EarlyStopping counter: 1 out of 10
Epoch 18, Train Loss: 0.1798, Val Loss: 0.1933
Validation loss decreased (0.194245 --> 0.193258).  Saving model ...
Epoch 19, Train Loss: 0.1792, Val Loss: 0.1925
Validation loss decreased (0.193258 --> 0.192515).  Saving model ...
Epoch 20, Train Loss: 0.1785, Val Loss: 0.1920
Validation loss decreased (0.192515 --> 0.192023).  Saving model ...
Epoch 21, Train Loss: 0.1771, Val Loss: 0.1910
Validation loss decreased (0.192023 --> 0.191012).  Saving model ...
Epoch 22, Train Loss: 0.1762, Val Loss: 0.1911
EarlyStopping counter: 1 out of 10
Epoch 23, Train Loss: 0.1758, Val Loss: 0.1896
Validation loss decreased (0.191012 --> 0.189628).  Saving model ...
Epoch 24, Train Loss: 0.1751, Val Loss: 0.1892
Validation loss decreased (0.189628 --> 0.189223).  Saving model ...
Epoch 25, Train Loss: 0.1744, Val Loss: 0.1906
EarlyStopping counter: 1 out of 10
Epoch 26, Train Loss: 0.1737, Val Loss: 0.1882
Validation loss decreased (0.189223 --> 0.188202).  Saving model ...
Epoch 27, Train Loss: 0.1728, Val Loss: 0.1880
Validation loss decreased (0.188202 --> 0.188019).  Saving model ...
Epoch 28, Train Loss: 0.1727, Val Loss: 0.1877
Validation loss decreased (0.188019 --> 0.187709).  Saving model ...
Epoch 29, Train Loss: 0.1721, Val Loss: 0.1883
EarlyStopping counter: 1 out of 10
Epoch 30, Train Loss: 0.1717, Val Loss: 0.1876
Validation loss decreased (0.187709 --> 0.187631).  Saving model ...
Epoch 31, Train Loss: 0.1712, Val Loss: 0.1872
Validation loss decreased (0.187631 --> 0.187193).  Saving model ...
Epoch 32, Train Loss: 0.1709, Val Loss: 0.1858
Validation loss decreased (0.187193 --> 0.185763).  Saving model ...
Epoch 33, Train Loss: 0.1703, Val Loss: 0.1863
EarlyStopping counter: 1 out of 10
Epoch 34, Train Loss: 0.1703, Val Loss: 0.1853
Validation loss decreased (0.185763 --> 0.185272).  Saving model ...
Epoch 35, Train Loss: 0.1694, Val Loss: 0.1862
EarlyStopping counter: 1 out of 10
Epoch 36, Train Loss: 0.1690, Val Loss: 0.1876
EarlyStopping counter: 2 out of 10
Epoch 37, Train Loss: 0.1689, Val Loss: 0.1853
Validation loss decreased (0.185272 --> 0.185255).  Saving model ...
Epoch 38, Train Loss: 0.1688, Val Loss: 0.1864
EarlyStopping counter: 1 out of 10
Epoch 39, Train Loss: 0.1682, Val Loss: 0.1855
EarlyStopping counter: 2 out of 10
Epoch 40, Train Loss: 0.1679, Val Loss: 0.1838
Validation loss decreased (0.185255 --> 0.183840).  Saving model ...
Epoch 41, Train Loss: 0.1675, Val Loss: 0.1848
EarlyStopping counter: 1 out of 10
Epoch 42, Train Loss: 0.1670, Val Loss: 0.1847
EarlyStopping counter: 2 out of 10
Epoch 43, Train Loss: 0.1667, Val Loss: 0.1838
Validation loss decreased (0.183840 --> 0.183835).  Saving model ...
Epoch 44, Train Loss: 0.1670, Val Loss: 0.1830
Validation loss decreased (0.183835 --> 0.182997).  Saving model ...
Epoch 45, Train Loss: 0.1665, Val Loss: 0.1833
EarlyStopping counter: 1 out of 10
Epoch 46, Train Loss: 0.1659, Val Loss: 0.1847
EarlyStopping counter: 2 out of 10
Epoch 47, Train Loss: 0.1660, Val Loss: 0.1849
EarlyStopping counter: 3 out of 10
Epoch 48, Train Loss: 0.1653, Val Loss: 0.1825
Validation loss decreased (0.182997 --> 0.182501).  Saving model ...
Epoch 49, Train Loss: 0.1651, Val Loss: 0.1831
EarlyStopping counter: 1 out of 10
Epoch 50, Train Loss: 0.1648, Val Loss: 0.1837
EarlyStopping counter: 2 out of 10
Test Loss: 0.1907
Epoch 1, Train Loss: 1.4720, Val Loss: 0.4981
Validation loss decreased (inf --> 0.498107).  Saving model ...
Epoch 2, Train Loss: 0.3875, Val Loss: 0.3393
Validation loss decreased (0.498107 --> 0.339280).  Saving model ...
Epoch 3, Train Loss: 0.2979, Val Loss: 0.2889
Validation loss decreased (0.339280 --> 0.288901).  Saving model ...
Epoch 4, Train Loss: 0.2598, Val Loss: 0.2601
Validation loss decreased (0.288901 --> 0.260076).  Saving model ...
Epoch 5, Train Loss: 0.2407, Val Loss: 0.2452
Validation loss decreased (0.260076 --> 0.245213).  Saving model ...
Epoch 6, Train Loss: 0.2291, Val Loss: 0.2395
Validation loss decreased (0.245213 --> 0.239489).  Saving model ...
Epoch 7, Train Loss: 0.2203, Val Loss: 0.2297
Validation loss decreased (0.239489 --> 0.229676).  Saving model ...
Epoch 8, Train Loss: 0.2142, Val Loss: 0.2211
Validation loss decreased (0.229676 --> 0.221068).  Saving model ...
Epoch 9, Train Loss: 0.2093, Val Loss: 0.2202
Validation loss decreased (0.221068 --> 0.220200).  Saving model ...
Epoch 10, Train Loss: 0.2054, Val Loss: 0.2159
Validation loss decreased (0.220200 --> 0.215901).  Saving model ...
Epoch 11, Train Loss: 0.2021, Val Loss: 0.2094
Validation loss decreased (0.215901 --> 0.209410).  Saving model ...
Epoch 12, Train Loss: 0.1995, Val Loss: 0.2063
Validation loss decreased (0.209410 --> 0.206343).  Saving model ...
Epoch 13, Train Loss: 0.1970, Val Loss: 0.2044
Validation loss decreased (0.206343 --> 0.204387).  Saving model ...
Epoch 14, Train Loss: 0.1951, Val Loss: 0.2025
Validation loss decreased (0.204387 --> 0.202537).  Saving model ...
Epoch 15, Train Loss: 0.1927, Val Loss: 0.2007
Validation loss decreased (0.202537 --> 0.200709).  Saving model ...
Epoch 16, Train Loss: 0.1910, Val Loss: 0.1991
Validation loss decreased (0.200709 --> 0.199111).  Saving model ...
Epoch 17, Train Loss: 0.1895, Val Loss: 0.1979
Validation loss decreased (0.199111 --> 0.197867).  Saving model ...
Epoch 18, Train Loss: 0.1879, Val Loss: 0.1981
EarlyStopping counter: 1 out of 10
Epoch 19, Train Loss: 0.1873, Val Loss: 0.1983
EarlyStopping counter: 2 out of 10
Epoch 20, Train Loss: 0.1862, Val Loss: 0.1953
Validation loss decreased (0.197867 --> 0.195309).  Saving model ...
Epoch 21, Train Loss: 0.1839, Val Loss: 0.1941
Validation loss decreased (0.195309 --> 0.194085).  Saving model ...
Epoch 22, Train Loss: 0.1824, Val Loss: 0.1910
Validation loss decreased (0.194085 --> 0.190979).  Saving model ...
Epoch 23, Train Loss: 0.1798, Val Loss: 0.1891
Validation loss decreased (0.190979 --> 0.189086).  Saving model ...
Epoch 24, Train Loss: 0.1777, Val Loss: 0.1863
Validation loss decreased (0.189086 --> 0.186286).  Saving model ...
Epoch 25, Train Loss: 0.1765, Val Loss: 0.1859
Validation loss decreased (0.186286 --> 0.185885).  Saving model ...
Epoch 26, Train Loss: 0.1760, Val Loss: 0.1851
Validation loss decreased (0.185885 --> 0.185081).  Saving model ...
Epoch 27, Train Loss: 0.1747, Val Loss: 0.1839
Validation loss decreased (0.185081 --> 0.183855).  Saving model ...
Epoch 28, Train Loss: 0.1736, Val Loss: 0.1834
Validation loss decreased (0.183855 --> 0.183393).  Saving model ...
Epoch 29, Train Loss: 0.1736, Val Loss: 0.1827
Validation loss decreased (0.183393 --> 0.182675).  Saving model ...
Epoch 30, Train Loss: 0.1726, Val Loss: 0.1839
EarlyStopping counter: 1 out of 10
Epoch 31, Train Loss: 0.1723, Val Loss: 0.1824
Validation loss decreased (0.182675 --> 0.182363).  Saving model ...
Epoch 32, Train Loss: 0.1717, Val Loss: 0.1839
EarlyStopping counter: 1 out of 10
Epoch 33, Train Loss: 0.1714, Val Loss: 0.1838
EarlyStopping counter: 2 out of 10
Epoch 34, Train Loss: 0.1707, Val Loss: 0.1827
EarlyStopping counter: 3 out of 10
Epoch 35, Train Loss: 0.1707, Val Loss: 0.1826
EarlyStopping counter: 4 out of 10
Epoch 36, Train Loss: 0.1698, Val Loss: 0.1820
Validation loss decreased (0.182363 --> 0.181975).  Saving model ...
Epoch 37, Train Loss: 0.1698, Val Loss: 0.1818
Validation loss decreased (0.181975 --> 0.181820).  Saving model ...
Epoch 38, Train Loss: 0.1695, Val Loss: 0.1819
EarlyStopping counter: 1 out of 10
Epoch 39, Train Loss: 0.1695, Val Loss: 0.1819
EarlyStopping counter: 2 out of 10
Epoch 40, Train Loss: 0.1688, Val Loss: 0.1806
Validation loss decreased (0.181820 --> 0.180568).  Saving model ...
Epoch 41, Train Loss: 0.1685, Val Loss: 0.1830
EarlyStopping counter: 1 out of 10
Epoch 42, Train Loss: 0.1680, Val Loss: 0.1812
EarlyStopping counter: 2 out of 10
Epoch 43, Train Loss: 0.1676, Val Loss: 0.1819
EarlyStopping counter: 3 out of 10
Epoch 44, Train Loss: 0.1673, Val Loss: 0.1806
EarlyStopping counter: 4 out of 10
Epoch 45, Train Loss: 0.1668, Val Loss: 0.1821
EarlyStopping counter: 5 out of 10
Epoch 46, Train Loss: 0.1669, Val Loss: 0.1801
Validation loss decreased (0.180568 --> 0.180116).  Saving model ...
Epoch 47, Train Loss: 0.1664, Val Loss: 0.1789
Validation loss decreased (0.180116 --> 0.178907).  Saving model ...
Epoch 48, Train Loss: 0.1666, Val Loss: 0.1810
EarlyStopping counter: 1 out of 10
Epoch 49, Train Loss: 0.1664, Val Loss: 0.1803
EarlyStopping counter: 2 out of 10
Epoch 50, Train Loss: 0.1658, Val Loss: 0.1805
EarlyStopping counter: 3 out of 10
Test Loss: 0.1859
